<?xml version="1.0" encoding="UTF-8"?>
<!-- Generated by org.testng.reporters.JUnitXMLReporter -->
<testsuite hostname="LAPTOP-A8332NNU" ignored="0" name="Default test" tests="3" failures="0" timestamp="18 Jun 2018 15:05:48 GMT" time="0.082" errors="0">
  <testcase name="test1" time="0.009" classname="com.Automation.Worksop.Interviwe1"/>
  <testcase name="test2" time="0.004" classname="com.Automation.Worksop.Interviwe1"/>
  <testcase name="test3" time="0.004" classname="com.Automation.Worksop.Interviwe1"/>
</testsuite> <!-- Default test -->
